<component name="libraryTable">
  <library name="junit" type="repository">
    <properties maven-id="junit:junit:4.10" />
    <CLASSES>
      <root url="jar://$MAVEN_REPOSITORY$/junit/junit/4.10/junit-4.10.jar!/" />
      <root url="jar://$MAVEN_REPOSITORY$/org/hamcrest/hamcrest-core/1.1/hamcrest-core-1.1.jar!/" />
    </CLASSES>
    <JAVADOC />
    <SOURCES />
  </library>
</component>